<?xml version="1.0" encoding="UTF-8"?>
<testsuite xmlns:xsi="http://www.w3.org/2001/XMLSchema-instance" xsi:noNamespaceSchemaLocation="https://maven.apache.org/surefire/maven-surefire-plugin/xsd/surefire-test-report-3.0.xsd" version="3.0" name="io.FileIOTest" time="0.0" tests="4" errors="0" skipped="0" failures="0">
  <properties>
[...]
</properties>
  <testcase name="test_readFile" classname="io.FileIOTest" time="0.0"/>
  <testcase name="test_readFile_when_file_is_empty" classname="io.FileIOTest" time="0.0"/>
  <testcase name="test_readFile_when_file_does_not_exist" classname="io.FileIOTest" time="0.0"/>
  <testcase name="test_readFile_if_file_is_invalid" classname="io.FileIOTest" time="0.0"/>
</testsuite>