<?xml version="1.0" encoding="UTF-8"?>
<testsuite xmlns:xsi="http://www.w3.org/2001/XMLSchema-instance" xsi:noNamespaceSchemaLocation="https://maven.apache.org/surefire/maven-surefire-plugin/xsd/surefire-test-report-3.0.xsd" version="3.0" name="math.MyMathTest" time="0.008" tests="6" errors="0" skipped="0" failures="0">
  <properties>
[...]
</properties>
  <testcase name="test_factorial_if_number_greater_than_12" classname="math.MyMathTest" time="0"/>
  <testcase name="factorial" classname="math.MyMathTest" time="0"/>
  <testcase name="isPrime_false" classname="math.MyMathTest" time="0"/>
  <testcase name="isPrime_true" classname="math.MyMathTest" time="0"/>
  <testcase name="test_factorial_if_number_is_negative" classname="math.MyMathTest" time="0.003"/>
  <testcase name="test_isPrime_if_number_less_than_2" classname="math.MyMathTest" time="0"/>
</testsuite>